<?xml version="1.0" encoding="UTF-8"?>
<testng-results skipped="0" failed="0" total="1" passed="1">
  <reporter-output>
  </reporter-output>
  <suite name="Suite" duration-ms="21582" started-at="2020-06-11T04:21:38Z" finished-at="2020-06-11T04:22:00Z">
    <groups>
    </groups>
    <test name="Test" duration-ms="21582" started-at="2020-06-11T04:21:38Z" finished-at="2020-06-11T04:22:00Z">
      <class name="com.seleniumSalesforce.SDFCLogin">
        <test-method status="PASS" signature="intialize()[pri:0, instance:com.seleniumSalesforce.SDFCLogin@1373e3ee]" name="intialize" is-config="true" duration-ms="4240" started-at="2020-06-10T21:21:38Z" finished-at="2020-06-10T21:21:43Z">
          <reporter-output>
          </reporter-output>
        </test-method> <!-- intialize -->
        <test-method status="PASS" signature="rememberUsername()[pri:0, instance:com.seleniumSalesforce.SDFCLogin@1373e3ee]" name="rememberUsername" duration-ms="12949" started-at="2020-06-10T21:21:43Z" finished-at="2020-06-10T21:21:56Z">
          <reporter-output>
          </reporter-output>
        </test-method> <!-- rememberUsername -->
        <test-method status="PASS" signature="teardown()[pri:0, instance:com.seleniumSalesforce.SDFCLogin@1373e3ee]" name="teardown" is-config="true" duration-ms="4374" started-at="2020-06-10T21:21:56Z" finished-at="2020-06-10T21:22:00Z">
          <reporter-output>
          </reporter-output>
        </test-method> <!-- teardown -->
      </class> <!-- com.seleniumSalesforce.SDFCLogin -->
    </test> <!-- Test -->
  </suite> <!-- Suite -->
</testng-results>
